<?xml version="1.0" encoding="UTF-8"?>
<robot generator="Robot 5.0 (Python 3.11.1 on win32)" generated="20230522 18:41:05.045" rpa="false" schemaversion="3">
<suite id="s1" name="Forms" source="C:\Users\CAIO\Desktop\Project_robot\Forms.robot">
<test id="s1-t1" name="Preencher formulario sem campos obrigatorios" line="23">
<kw name="Start Test" library="FormsPage" type="SETUP">
<kw name="Open Browser" library="SeleniumLibrary">
<arg>${qa}</arg>
<arg>${browser}</arg>
<arg>${CHROMEDRIVER_PATH}</arg>
<doc>Opens a new browser instance to the optional ``url``.</doc>
<msg timestamp="20230522 18:41:05.907" level="INFO">Opening browser 'Chrome' to base url 'https://demoqa.com/'.</msg>
<msg timestamp="20230522 18:41:09.683" level="INFO">Cannot capture screenshot because no browser is open.</msg>
<msg timestamp="20230522 18:41:09.683" level="FAIL">SessionNotCreatedException: Message: session not created: This version of ChromeDriver only supports Chrome version 94
Current browser version is 113.0.5672.127 with binary path C:\Program Files\Google\Chrome\Application\chrome.exe
Stacktrace:
Backtrace:
	Ordinal0 [0x00CFB9D3+2472403]
	Ordinal0 [0x00C96961+2058593]
	Ordinal0 [0x00BA22B8+1057464]
	Ordinal0 [0x00BC03FA+1180666]
	Ordinal0 [0x00BBC2E5+1164005]
	Ordinal0 [0x00BB9B7F+1153919]
	Ordinal0 [0x00BE997F+1350015]
	Ordinal0 [0x00BE95EA+1349098]
	Ordinal0 [0x00BE545B+1332315]
	Ordinal0 [0x00BC1FB4+1187764]
	Ordinal0 [0x00BC2E09+1191433]
	GetHandleVerifier [0x00E83396+1551078]
	GetHandleVerifier [0x00F2D53A+2247818]
	GetHandleVerifier [0x00D87FBB+521995]
	GetHandleVerifier [0x00D87079+518089]
	Ordinal0 [0x00C9BD4D+2080077]
	Ordinal0 [0x00C9FC18+2096152]
	Ordinal0 [0x00C9FD52+2096466]
	Ordinal0 [0x00CA94B1+2135217]
	BaseThreadInitThunk [0x763100C9+25]
	RtlGetAppContainerNamedObjectPath [0x77627B4E+286]
	RtlGetAppContainerNamedObjectPath [0x77627B1E+238]
</msg>
<status status="FAIL" starttime="20230522 18:41:05.906" endtime="20230522 18:41:09.750"/>
</kw>
<kw name="Maximize Browser Window" library="SeleniumLibrary">
<doc>Maximizes current browser window.</doc>
<status status="NOT RUN" starttime="20230522 18:41:09.750" endtime="20230522 18:41:09.750"/>
</kw>
<kw name="Set Window Size" library="SeleniumLibrary">
<arg>2000</arg>
<arg>1300</arg>
<doc>Sets current windows size to given ``width`` and ``height``.</doc>
<status status="NOT RUN" starttime="20230522 18:41:09.750" endtime="20230522 18:41:09.750"/>
</kw>
<status status="FAIL" starttime="20230522 18:41:05.906" endtime="20230522 18:41:09.750"/>
</kw>
<kw name="Finish TestCase" library="FormsPage" type="TEARDOWN">
<kw name="Close Browser" library="SeleniumLibrary">
<doc>Closes the current browser.</doc>
<status status="PASS" starttime="20230522 18:41:09.751" endtime="20230522 18:41:09.751"/>
</kw>
<status status="PASS" starttime="20230522 18:41:09.751" endtime="20230522 18:41:09.751"/>
</kw>
<doc>objetivo de prencher o fomulariosem os campos obrigatorios e validar quais sao</doc>
<tag>camposObrigatorios</tag>
<status status="FAIL" starttime="20230522 18:41:05.905" endtime="20230522 18:41:09.752">Setup failed:
SessionNotCreatedException: Message: session not created: This version of ChromeDriver only supports Chrome version 94
Current browser version is 113.0.5672.127 with binary path C:\Program Files\Google\Chrome\Application\chrome.exe
Stacktrace:
Backtrace:
	Ordinal0 [0x00CFB9D3+2472403]
	Ordinal0 [0x00C96961+2058593]
	Ordinal0 [0x00BA22B8+1057464]
	Ordinal0 [0x00BC03FA+1180666]
	Ordinal0 [0x00BBC2E5+1164005]
	Ordinal0 [0x00BB9B7F+1153919]
	Ordinal0 [0x00BE997F+1350015]
	Ordinal0 [0x00BE95EA+1349098]
	Ordinal0 [0x00BE545B+1332315]
	Ordinal0 [0x00BC1FB4+1187764]
	Ordinal0 [0x00BC2E09+1191433]
	GetHandleVerifier [0x00E83396+1551078]
	GetHandleVerifier [0x00F2D53A+2247818]
	GetHandleVerifier [0x00D87FBB+521995]
	GetHandleVerifier [0x00D87079+518089]
	Ordinal0 [0x00C9BD4D+2080077]
	Ordinal0 [0x00C9FC18+2096152]
	Ordinal0 [0x00C9FD52+2096466]
	Ordinal0 [0x00CA94B1+2135217]
	BaseThreadInitThunk [0x763100C9+25]
	RtlGetAppContainerNamedObjectPath [0x77627B4E+286]
	RtlGetAppContainerNamedObjectPath [0x77627B1E+238]
</status>
</test>
<doc>Funcionalidade preehncer formulário pegando vários tipos de elementos</doc>
<status status="FAIL" starttime="20230522 18:41:05.046" endtime="20230522 18:41:09.756"/>
</suite>
<statistics>
<total>
<stat pass="0" fail="1" skip="0">All Tests</stat>
</total>
<tag>
<stat pass="0" fail="1" skip="0">camposObrigatorios</stat>
</tag>
<suite>
<stat pass="0" fail="1" skip="0" id="s1" name="Forms">Forms</stat>
</suite>
</statistics>
<errors>
</errors>
</robot>
